# JRE version: OpenJDK Runtime Environment Temurin-21.0.10+7 (21.0.10+7) (build 21.0.10+7-LTS)
# Java VM: OpenJDK 64-Bit Server VM Temurin-21.0.10+7 (21.0.10+7-LTS, mixed mode, sharing, tiered, compressed oops, compressed class ptrs, parallel gc, windows-amd64)
GC Precious Log:
 CardTable entry size: 512
 CPUs: 12 total, 12 available
 Memory: 7830M
 Large Page Support: Disabled
 NUMA Support: Disabled
 Compressed Oops: Enabled (32-bit)
 Alignments: Space 512K, Generation 512K, Heap 2M
 Heap Min Capacity: 100M
 Heap Initial Capacity: 100M
 Heap Max Capacity: 2G
 Pre-touch: Disabled
 Parallel Workers: 10
Heap:
 PSYoungGen      total 11776K, used 2959K [0x00000000d5580000, 0x00000000d6280000, 0x0000000100000000)
  eden space 10752K, 27% used [0x00000000d5580000,0x00000000d5863df0,0x00000000d6000000)
  from space 1024K, 0% used [0x00000000d6180000,0x00000000d6180000,0x00000000d6280000)
  to   space 1024K, 0% used [0x00000000d6080000,0x00000000d6080000,0x00000000d6180000)
 ParOldGen       total 74752K, used 54317K [0x0000000080000000, 0x0000000084900000, 0x00000000d5580000)
  object space 74752K, 72% used [0x0000000080000000,0x000000008350b5f0,0x0000000084900000)
 Metaspace       used 58751K, committed 60160K, reserved 1114112K
  class space    used 6266K, committed 6912K, reserved 1048576K
GC Heap History (20 events):
Event: 21.990 GC heap before
{Heap before GC invocations=74 (full 2):
 PSYoungGen      total 11776K, used 11440K [0x00000000d5580000, 0x00000000d6280000, 0x0000000100000000)
  eden space 10752K, 100% used [0x00000000d5580000,0x00000000d6000000,0x00000000d6000000)
  from space 1024K, 67% used [0x00000000d6000000,0x00000000d60ac010,0x00000000d6100000)
  to   space 1024K, 0% used [0x00000000d6180000,0x00000000d6180000,0x00000000d6280000)
 ParOldGen       total 70144K, used 69832K [0x0000000080000000, 0x0000000084480000, 0x00000000d5580000)
  object space 70144K, 99% used [0x0000000080000000,0x00000000844321e8,0x0000000084480000)
 Metaspace       used 53546K, committed 54912K, reserved 1114112K
  class space    used 5716K, committed 6336K, reserved 1048576K
}
Event: 21.992 GC heap after
{Heap after GC invocations=74 (full 2):
 PSYoungGen      total 11264K, used 352K [0x00000000d5580000, 0x00000000d6200000, 0x0000000100000000)
  eden space 10752K, 0% used [0x00000000d5580000,0x00000000d5580000,0x00000000d6000000)
  from space 512K, 68% used [0x00000000d6180000,0x00000000d61d8000,0x00000000d6200000)
  to   space 1024K, 0% used [0x00000000d6000000,0x00000000d6000000,0x00000000d6100000)
 ParOldGen       total 70656K, used 70392K [0x0000000080000000, 0x0000000084500000, 0x00000000d5580000)
  object space 70656K, 99% used [0x0000000080000000,0x00000000844be1f8,0x0000000084500000)
 Metaspace       used 53546K, committed 54912K, reserved 1114112K
  class space    used 5716K, committed 6336K, reserved 1048576K
}
Event: 22.027 GC heap before
{Heap before GC invocations=75 (full 2):
 PSYoungGen      total 11264K, used 11104K [0x00000000d5580000, 0x00000000d6200000, 0x0000000100000000)
  eden space 10752K, 100% used [0x00000000d5580000,0x00000000d6000000,0x00000000d6000000)
  from space 512K, 68% used [0x00000000d6180000,0x00000000d61d8000,0x00000000d6200000)
  to   space 1024K, 0% used [0x00000000d6000000,0x00000000d6000000,0x00000000d6100000)
 ParOldGen       total 70656K, used 70392K [0x0000000080000000, 0x0000000084500000, 0x00000000d5580000)
  object space 70656K, 99% used [0x0000000080000000,0x00000000844be1f8,0x0000000084500000)
 Metaspace       used 53552K, committed 54912K, reserved 1114112K
  class space    used 5716K, committed 6336K, reserved 1048576K
}
Event: 22.030 GC heap after
{Heap after GC invocations=75 (full 2):
 PSYoungGen      total 11776K, used 448K [0x00000000d5580000, 0x00000000d6200000, 0x0000000100000000)
  eden space 10752K, 0% used [0x00000000d5580000,0x00000000d5580000,0x00000000d6000000)
  from space 1024K, 43% used [0x00000000d6000000,0x00000000d6070000,0x00000000d6100000)
  to   space 512K, 0% used [0x00000000d6180000,0x00000000d6180000,0x00000000d6200000)
 ParOldGen       total 70656K, used 70640K [0x0000000080000000, 0x0000000084500000, 0x00000000d5580000)
  object space 70656K, 99% used [0x0000000080000000,0x00000000844fc1f8,0x0000000084500000)
 Metaspace       used 53552K, committed 54912K, reserved 1114112K
  class space    used 5716K, committed 6336K, reserved 1048576K
}
Event: 22.944 GC heap before
{Heap before GC invocations=76 (full 2):
 PSYoungGen      total 11776K, used 11200K [0x00000000d5580000, 0x00000000d6200000, 0x0000000100000000)
  eden space 10752K, 100% used [0x00000000d5580000,0x00000000d6000000,0x00000000d6000000)
  from space 1024K, 43% used [0x00000000d6000000,0x00000000d6070000,0x00000000d6100000)
  to   space 512K, 0% used [0x00000000d6180000,0x00000000d6180000,0x00000000d6200000)
 ParOldGen       total 70656K, used 70640K [0x0000000080000000, 0x0000000084500000, 0x00000000d5580000)
  object space 70656K, 99% used [0x0000000080000000,0x00000000844fc1f8,0x0000000084500000)
 Metaspace       used 53732K, committed 55040K, reserved 1114112K
  class space    used 5732K, committed 6336K, reserved 1048576K
}
Event: 22.947 GC heap after
{Heap after GC invocations=76 (full 2):
 PSYoungGen      total 11264K, used 352K [0x00000000d5580000, 0x00000000d6200000, 0x0000000100000000)
  eden space 10752K, 0% used [0x00000000d5580000,0x00000000d5580000,0x00000000d6000000)
  from space 512K, 68% used [0x00000000d6180000,0x00000000d61d8000,0x00000000d6200000)
  to   space 512K, 0% used [0x00000000d6100000,0x00000000d6100000,0x00000000d6180000)
 ParOldGen       total 71168K, used 70872K [0x0000000080000000, 0x0000000084580000, 0x00000000d5580000)
  object space 71168K, 99% used [0x0000000080000000,0x00000000845361f8,0x0000000084580000)
 Metaspace       used 53732K, committed 55040K, reserved 1114112K
  class space    used 5732K, committed 6336K, reserved 1048576K
}
Event: 23.780 GC heap before
{Heap before GC invocations=77 (full 2):
 PSYoungGen      total 11264K, used 11079K [0x00000000d5580000, 0x00000000d6200000, 0x0000000100000000)
  eden space 10752K, 99% used [0x00000000d5580000,0x00000000d5ff9d68,0x00000000d6000000)
  from space 512K, 68% used [0x00000000d6180000,0x00000000d61d8000,0x00000000d6200000)
  to   space 512K, 0% used [0x00000000d6100000,0x00000000d6100000,0x00000000d6180000)
 ParOldGen       total 71168K, used 70872K [0x0000000080000000, 0x0000000084580000, 0x00000000d5580000)
  object space 71168K, 99% used [0x0000000080000000,0x00000000845361f8,0x0000000084580000)
 Metaspace       used 55234K, committed 56576K, reserved 1114112K
  class space    used 5871K, committed 6464K, reserved 1048576K
}
Event: 23.786 GC heap after
{Heap after GC invocations=77 (full 2):
 PSYoungGen      total 11264K, used 505K [0x00000000d5580000, 0x00000000d6300000, 0x0000000100000000)
  eden space 10752K, 0% used [0x00000000d5580000,0x00000000d5580000,0x00000000d6000000)
  from space 512K, 98% used [0x00000000d6100000,0x00000000d617e748,0x00000000d6180000)
  to   space 1536K, 0% used [0x00000000d6180000,0x00000000d6180000,0x00000000d6300000)
 ParOldGen       total 71680K, used 71333K [0x0000000080000000, 0x0000000084600000, 0x00000000d5580000)
  object space 71680K, 99% used [0x0000000080000000,0x00000000845a94a8,0x0000000084600000)
 Metaspace       used 55234K, committed 56576K, reserved 1114112K
  class space    used 5871K, committed 6464K, reserved 1048576K
}
Event: 24.845 GC heap before
{Heap before GC invocations=78 (full 2):
 PSYoungGen      total 11264K, used 11257K [0x00000000d5580000, 0x00000000d6300000, 0x0000000100000000)
  eden space 10752K, 100% used [0x00000000d5580000,0x00000000d6000000,0x00000000d6000000)
  from space 512K, 98% used [0x00000000d6100000,0x00000000d617e748,0x00000000d6180000)
  to   space 1536K, 0% used [0x00000000d6180000,0x00000000d6180000,0x00000000d6300000)
 ParOldGen       total 71680K, used 71333K [0x0000000080000000, 0x0000000084600000, 0x00000000d5580000)
  object space 71680K, 99% used [0x0000000080000000,0x00000000845a94a8,0x0000000084600000)
 Metaspace       used 56396K, committed 57728K, reserved 1114112K
  class space    used 6006K, committed 6592K, reserved 1048576K
}
Event: 24.847 GC heap after
{Heap after GC invocations=78 (full 2):
 PSYoungGen      total 11776K, used 664K [0x00000000d5580000, 0x00000000d6280000, 0x0000000100000000)
  eden space 10752K, 0% used [0x00000000d5580000,0x00000000d5580000,0x00000000d6000000)
  from space 1024K, 64% used [0x00000000d6180000,0x00000000d62262e8,0x00000000d6280000)
  to   space 1024K, 0% used [0x00000000d6080000,0x00000000d6080000,0x00000000d6180000)
 ParOldGen       total 72192K, used 71835K [0x0000000080000000, 0x0000000084680000, 0x00000000d5580000)
  object space 72192K, 99% used [0x0000000080000000,0x0000000084626d50,0x0000000084680000)
 Metaspace       used 56396K, committed 57728K, reserved 1114112K
  class space    used 6006K, committed 6592K, reserved 1048576K
}
Event: 26.485 GC heap before
{Heap before GC invocations=79 (full 2):
 PSYoungGen      total 11776K, used 11416K [0x00000000d5580000, 0x00000000d6280000, 0x0000000100000000)
  eden space 10752K, 100% used [0x00000000d5580000,0x00000000d6000000,0x00000000d6000000)
  from space 1024K, 64% used [0x00000000d6180000,0x00000000d62262e8,0x00000000d6280000)
  to   space 1024K, 0% used [0x00000000d6080000,0x00000000d6080000,0x00000000d6180000)
 ParOldGen       total 72192K, used 71835K [0x0000000080000000, 0x0000000084680000, 0x00000000d5580000)
  object space 72192K, 99% used [0x0000000080000000,0x0000000084626d50,0x0000000084680000)
 Metaspace       used 56739K, committed 58112K, reserved 1114112K
  class space    used 6057K, committed 6656K, reserved 1048576K
}
Event: 26.489 GC heap after
{Heap after GC invocations=79 (full 2):
 PSYoungGen      total 11776K, used 1024K [0x00000000d5580000, 0x00000000d6400000, 0x0000000100000000)
  eden space 10752K, 0% used [0x00000000d5580000,0x00000000d5580000,0x00000000d6000000)
  from space 1024K, 100% used [0x00000000d6080000,0x00000000d6180000,0x00000000d6180000)
  to   space 2048K, 0% used [0x00000000d6200000,0x00000000d6200000,0x00000000d6400000)
 ParOldGen       total 72704K, used 72566K [0x0000000080000000, 0x0000000084700000, 0x00000000d5580000)
  object space 72704K, 99% used [0x0000000080000000,0x00000000846ddaf0,0x0000000084700000)
 Metaspace       used 56739K, committed 58112K, reserved 1114112K
  class space    used 6057K, committed 6656K, reserved 1048576K
}
Event: 28.738 GC heap before
{Heap before GC invocations=80 (full 2):
 PSYoungGen      total 11776K, used 11776K [0x00000000d5580000, 0x00000000d6400000, 0x0000000100000000)
  eden space 10752K, 100% used [0x00000000d5580000,0x00000000d6000000,0x00000000d6000000)
  from space 1024K, 100% used [0x00000000d6080000,0x00000000d6180000,0x00000000d6180000)
  to   space 2048K, 0% used [0x00000000d6200000,0x00000000d6200000,0x00000000d6400000)
 ParOldGen       total 72704K, used 72566K [0x0000000080000000, 0x0000000084700000, 0x00000000d5580000)
  object space 72704K, 99% used [0x0000000080000000,0x00000000846ddaf0,0x0000000084700000)
 Metaspace       used 57109K, committed 58496K, reserved 1114112K
  class space    used 6104K, committed 6720K, reserved 1048576K
}
Event: 28.744 GC heap after
{Heap after GC invocations=80 (full 2):
 PSYoungGen      total 11776K, used 704K [0x00000000d5580000, 0x00000000d6300000, 0x0000000100000000)
  eden space 10752K, 0% used [0x00000000d5580000,0x00000000d5580000,0x00000000d6000000)
  from space 1024K, 68% used [0x00000000d6200000,0x00000000d62b0000,0x00000000d6300000)
  to   space 1536K, 0% used [0x00000000d6000000,0x00000000d6000000,0x00000000d6180000)
 ParOldGen       total 73728K, used 73382K [0x0000000080000000, 0x0000000084800000, 0x00000000d5580000)
  object space 73728K, 99% used [0x0000000080000000,0x00000000847a9af0,0x0000000084800000)
 Metaspace       used 57109K, committed 58496K, reserved 1114112K
  class space    used 6104K, committed 6720K, reserved 1048576K
}
Event: 32.556 GC heap before
{Heap before GC invocations=81 (full 2):
 PSYoungGen      total 11776K, used 11456K [0x00000000d5580000, 0x00000000d6300000, 0x0000000100000000)
  eden space 10752K, 100% used [0x00000000d5580000,0x00000000d6000000,0x00000000d6000000)
  from space 1024K, 68% used [0x00000000d6200000,0x00000000d62b0000,0x00000000d6300000)
  to   space 1536K, 0% used [0x00000000d6000000,0x00000000d6000000,0x00000000d6180000)
 ParOldGen       total 73728K, used 73382K [0x0000000080000000, 0x0000000084800000, 0x00000000d5580000)
  object space 73728K, 99% used [0x0000000080000000,0x00000000847a9af0,0x0000000084800000)
 Metaspace       used 57877K, committed 59392K, reserved 1114112K
  class space    used 6177K, committed 6848K, reserved 1048576K
}
Event: 32.559 GC heap after
{Heap after GC invocations=81 (full 2):
 PSYoungGen      total 12288K, used 618K [0x00000000d5580000, 0x00000000d6280000, 0x0000000100000000)
  eden space 10752K, 0% used [0x00000000d5580000,0x00000000d5580000,0x00000000d6000000)
  from space 1536K, 40% used [0x00000000d6000000,0x00000000d609a8f8,0x00000000d6180000)
  to   space 1024K, 0% used [0x00000000d6180000,0x00000000d6180000,0x00000000d6280000)
 ParOldGen       total 74240K, used 73884K [0x0000000080000000, 0x0000000084880000, 0x00000000d5580000)
  object space 74240K, 99% used [0x0000000080000000,0x0000000084827218,0x0000000084880000)
 Metaspace       used 57877K, committed 59392K, reserved 1114112K
  class space    used 6177K, committed 6848K, reserved 1048576K
}
Event: 60.838 GC heap before
{Heap before GC invocations=82 (full 2):
 PSYoungGen      total 12288K, used 8363K [0x00000000d5580000, 0x00000000d6280000, 0x0000000100000000)
  eden space 10752K, 72% used [0x00000000d5580000,0x00000000d5d10640,0x00000000d6000000)
  from space 1536K, 40% used [0x00000000d6000000,0x00000000d609a8f8,0x00000000d6180000)
  to   space 1024K, 0% used [0x00000000d6180000,0x00000000d6180000,0x00000000d6280000)
 ParOldGen       total 74240K, used 73884K [0x0000000080000000, 0x0000000084880000, 0x00000000d5580000)
  object space 74240K, 99% used [0x0000000080000000,0x0000000084827218,0x0000000084880000)
 Metaspace       used 58335K, committed 59776K, reserved 1114112K
  class space    used 6228K, committed 6848K, reserved 1048576K
}
Event: 60.851 GC heap after
{Heap after GC invocations=82 (full 2):
 PSYoungGen      total 11776K, used 671K [0x00000000d5580000, 0x00000000d6280000, 0x0000000100000000)
  eden space 10752K, 0% used [0x00000000d5580000,0x00000000d5580000,0x00000000d6000000)
  from space 1024K, 65% used [0x00000000d6180000,0x00000000d6227c18,0x00000000d6280000)
  to   space 1024K, 0% used [0x00000000d6080000,0x00000000d6080000,0x00000000d6180000)
 ParOldGen       total 74752K, used 74338K [0x0000000080000000, 0x0000000084900000, 0x00000000d5580000)
  object space 74752K, 99% used [0x0000000080000000,0x0000000084898a80,0x0000000084900000)
 Metaspace       used 58335K, committed 59776K, reserved 1114112K
  class space    used 6228K, committed 6848K, reserved 1048576K
}
Event: 60.851 GC heap before
{Heap before GC invocations=83 (full 3):
 PSYoungGen      total 11776K, used 671K [0x00000000d5580000, 0x00000000d6280000, 0x0000000100000000)
  eden space 10752K, 0% used [0x00000000d5580000,0x00000000d5580000,0x00000000d6000000)
  from space 1024K, 65% used [0x00000000d6180000,0x00000000d6227c18,0x00000000d6280000)
  to   space 1024K, 0% used [0x00000000d6080000,0x00000000d6080000,0x00000000d6180000)
 ParOldGen       total 74752K, used 74338K [0x0000000080000000, 0x0000000084900000, 0x00000000d5580000)
  object space 74752K, 99% used [0x0000000080000000,0x0000000084898a80,0x0000000084900000)
 Metaspace       used 58335K, committed 59776K, reserved 1114112K
  class space    used 6228K, committed 6848K, reserved 1048576K
}
Event: 62.563 GC heap after
{Heap after GC invocations=83 (full 3):
 PSYoungGen      total 11776K, used 0K [0x00000000d5580000, 0x00000000d6280000, 0x0000000100000000)
  eden space 10752K, 0% used [0x00000000d5580000,0x00000000d5580000,0x00000000d6000000)
  from space 1024K, 0% used [0x00000000d6180000,0x00000000d6180000,0x00000000d6280000)
  to   space 1024K, 0% used [0x00000000d6080000,0x00000000d6080000,0x00000000d6180000)
 ParOldGen       total 74752K, used 54317K [0x0000000080000000, 0x0000000084900000, 0x00000000d5580000)
  object space 74752K, 72% used [0x0000000080000000,0x000000008350b5f0,0x0000000084900000)
 Metaspace       used 58332K, committed 59776K, reserved 1114112K
  class space    used 6227K, committed 6848K, reserved 1048576K
}

